<?xml version="1.0" encoding="UTF-8"?>
<testng-results skipped="0" failed="1" ignored="0" total="2" passed="1">
  <reporter-output>
  </reporter-output>
  <suite name="Default suite" duration-ms="7320" started-at="2020-07-12T20:29:57Z" finished-at="2020-07-12T20:30:04Z">
    <groups>
    </groups>
    <test name="Default test" duration-ms="7320" started-at="2020-07-12T20:29:57Z" finished-at="2020-07-12T20:30:04Z">
      <class name="com.w2a.testcase.LoginTest">
        <test-method status="PASS" signature="setUp()[pri:0, instance:com.w2a.testcase.LoginTest@7354b8c5]" name="setUp" is-config="true" duration-ms="290342" started-at="2020-07-12T21:25:07Z" finished-at="2020-07-12T21:29:57Z">
          <reporter-output>
          </reporter-output>
        </test-method> <!-- setUp -->
        <test-method status="FAIL" signature="InvalidLogin()[pri:1, instance:com.w2a.testcase.LoginTest@7354b8c5]" name="InvalidLogin" duration-ms="3784" started-at="2020-07-12T21:29:57Z" finished-at="2020-07-12T21:30:01Z">
          <exception class="java.lang.AssertionError">
            <message>
              <![CDATA[expected [Authentication failed. Wrong password.] but found []]]>
            </message>
            <full-stacktrace>
              <![CDATA[java.lang.AssertionError: expected [Authentication failed. Wrong password.] but found []
	at org.testng.Assert.fail(Assert.java:93)
	at org.testng.Assert.failNotEquals(Assert.java:512)
	at org.testng.Assert.assertEqualsImpl(Assert.java:134)
	at org.testng.Assert.assertEquals(Assert.java:115)
	at org.testng.Assert.assertEquals(Assert.java:189)
	at org.testng.Assert.assertEquals(Assert.java:199)
	at com.w2a.testcase.LoginTest.InvalidLogin(LoginTest.java:23)
	at sun.reflect.NativeMethodAccessorImpl.invoke0(Native Method)
	at sun.reflect.NativeMethodAccessorImpl.invoke(Unknown Source)
	at sun.reflect.DelegatingMethodAccessorImpl.invoke(Unknown Source)
	at java.lang.reflect.Method.invoke(Unknown Source)
	at org.testng.internal.MethodInvocationHelper.invokeMethod(MethodInvocationHelper.java:108)
	at org.testng.internal.Invoker.invokeMethod(Invoker.java:661)
	at org.testng.internal.Invoker.invokeTestMethod(Invoker.java:869)
	at org.testng.internal.Invoker.invokeTestMethods(Invoker.java:1193)
	at org.testng.internal.TestMethodWorker.invokeTestMethods(TestMethodWorker.java:126)
	at org.testng.internal.TestMethodWorker.run(TestMethodWorker.java:109)
	at org.testng.TestRunner.privateRun(TestRunner.java:744)
	at org.testng.TestRunner.run(TestRunner.java:602)
	at org.testng.SuiteRunner.runTest(SuiteRunner.java:380)
	at org.testng.SuiteRunner.runSequentially(SuiteRunner.java:375)
	at org.testng.SuiteRunner.privateRun(SuiteRunner.java:340)
	at org.testng.SuiteRunner.run(SuiteRunner.java:289)
	at org.testng.SuiteRunnerWorker.runSuite(SuiteRunnerWorker.java:52)
	at org.testng.SuiteRunnerWorker.run(SuiteRunnerWorker.java:86)
	at org.testng.TestNG.runSuitesSequentially(TestNG.java:1301)
	at org.testng.TestNG.runSuitesLocally(TestNG.java:1226)
	at org.testng.TestNG.runSuites(TestNG.java:1144)
	at org.testng.TestNG.run(TestNG.java:1115)
	at org.testng.remote.AbstractRemoteTestNG.run(AbstractRemoteTestNG.java:115)
	at org.testng.remote.RemoteTestNG.initAndRun(RemoteTestNG.java:251)
	at org.testng.remote.RemoteTestNG.main(RemoteTestNG.java:77)
]]>
            </full-stacktrace>
          </exception> <!-- java.lang.AssertionError -->
          <reporter-output>
          </reporter-output>
        </test-method> <!-- InvalidLogin -->
        <test-method status="PASS" signature="Validlogin()[pri:2, instance:com.w2a.testcase.LoginTest@7354b8c5]" name="Validlogin" duration-ms="3492" started-at="2020-07-12T21:30:01Z" finished-at="2020-07-12T21:30:04Z">
          <reporter-output>
          </reporter-output>
        </test-method> <!-- Validlogin -->
        <test-method status="PASS" signature="tearDown()[pri:0, instance:com.w2a.testcase.LoginTest@7354b8c5]" name="tearDown" is-config="true" duration-ms="1535" started-at="2020-07-12T21:30:05Z" finished-at="2020-07-12T21:30:06Z">
          <reporter-output>
          </reporter-output>
        </test-method> <!-- tearDown -->
      </class> <!-- com.w2a.testcase.LoginTest -->
    </test> <!-- Default test -->
  </suite> <!-- Default suite -->
</testng-results>
